This is pdfTeX, Version 3.14159265-2.6-1.40.16 (MiKTeX 2.9 64-bit) (preloaded format=pdflatex 2015.11.4)  11 MAR 2016 08:14
entering extended mode
**"Q:/CSCE 221/CSCE221/CSCE221_Prog_02/Prog2_Report.tex"
("Q:/CSCE 221/CSCE221/CSCE221_Prog_02/Prog2_Report.tex"
LaTeX2e <2015/01/01> patch level 2
Babel <3.9m> and hyphenation patterns for 69 languages loaded.
("C:\Program Files\MiKTeX 2.9\tex\latex\base\article.cls"
Document Class: article 2014/09/29 v1.4h Standard LaTeX document class
("C:\Program Files\MiKTeX 2.9\tex\latex\base\size10.clo"
File: size10.clo 2014/09/29 v1.4h Standard LaTeX file (size option)
)
\c@part=\count79
\c@section=\count80
\c@subsection=\count81
\c@subsubsection=\count82
\c@paragraph=\count83
\c@subparagraph=\count84
\c@figure=\count85
\c@table=\count86
\abovecaptionskip=\skip41
\belowcaptionskip=\skip42
\bibindent=\dimen102
)
("C:\Program Files\MiKTeX 2.9\tex\latex\base\inputenc.sty"
Package: inputenc 2015/03/17 v1.2c Input encoding file
\inpenc@prehook=\toks14
\inpenc@posthook=\toks15

("C:\Program Files\MiKTeX 2.9\tex\latex\base\latin9.def"
File: latin9.def 2015/03/17 v1.2c Input encoding file
))
("C:\Program Files\MiKTeX 2.9\tex\latex\amsmath\amsmath.sty"
Package: amsmath 2013/01/14 v2.14 AMS math features
\@mathmargin=\skip43

For additional information on amsmath, use the `?' option.
("C:\Program Files\MiKTeX 2.9\tex\latex\amsmath\amstext.sty"
Package: amstext 2000/06/29 v2.01

("C:\Program Files\MiKTeX 2.9\tex\latex\amsmath\amsgen.sty"
File: amsgen.sty 1999/11/30 v2.0
\@emptytoks=\toks16
\ex@=\dimen103
))
("C:\Program Files\MiKTeX 2.9\tex\latex\amsmath\amsbsy.sty"
Package: amsbsy 1999/11/29 v1.2d
\pmbraise@=\dimen104
)
("C:\Program Files\MiKTeX 2.9\tex\latex\amsmath\amsopn.sty"
Package: amsopn 1999/12/14 v2.01 operator names
)
\inf@bad=\count87
LaTeX Info: Redefining \frac on input line 210.
\uproot@=\count88
\leftroot@=\count89
LaTeX Info: Redefining \overline on input line 306.
\classnum@=\count90
\DOTSCASE@=\count91
LaTeX Info: Redefining \ldots on input line 378.
LaTeX Info: Redefining \dots on input line 381.
LaTeX Info: Redefining \cdots on input line 466.
\Mathstrutbox@=\box26
\strutbox@=\box27
\big@size=\dimen105
LaTeX Font Info:    Redeclaring font encoding OML on input line 566.
LaTeX Font Info:    Redeclaring font encoding OMS on input line 567.
\macc@depth=\count92
\c@MaxMatrixCols=\count93
\dotsspace@=\muskip10
\c@parentequation=\count94
\dspbrk@lvl=\count95
\tag@help=\toks17
\row@=\count96
\column@=\count97
\maxfields@=\count98
\andhelp@=\toks18
\eqnshift@=\dimen106
\alignsep@=\dimen107
\tagshift@=\dimen108
\tagwidth@=\dimen109
\totwidth@=\dimen110
\lineht@=\dimen111
\@envbody=\toks19
\multlinegap=\skip44
\multlinetaggap=\skip45
\mathdisplay@stack=\toks20
LaTeX Info: Redefining \[ on input line 2665.
LaTeX Info: Redefining \] on input line 2666.
)
("C:\Program Files\MiKTeX 2.9\tex\latex\graphics\graphicx.sty"
Package: graphicx 2014/10/28 v1.0g Enhanced LaTeX Graphics (DPC,SPQR)

("C:\Program Files\MiKTeX 2.9\tex\latex\graphics\keyval.sty"
Package: keyval 2014/10/28 v1.15 key=value parser (DPC)
\KV@toks@=\toks21
)
("C:\Program Files\MiKTeX 2.9\tex\latex\graphics\graphics.sty"
Package: graphics 2014/10/28 v1.0p Standard LaTeX Graphics (DPC,SPQR)

("C:\Program Files\MiKTeX 2.9\tex\latex\graphics\trig.sty"
Package: trig 1999/03/16 v1.09 sin cos tan (DPC)
)
("C:\Program Files\MiKTeX 2.9\tex\latex\00miktex\graphics.cfg"
File: graphics.cfg 2007/01/18 v1.5 graphics configuration of teTeX/TeXLive
)
Package graphics Info: Driver file: pdftex.def on input line 94.

("C:\Program Files\MiKTeX 2.9\tex\latex\pdftex-def\pdftex.def"
File: pdftex.def 2011/05/27 v0.06d Graphics/color for pdfTeX

("C:\Program Files\MiKTeX 2.9\tex\generic\oberdiek\infwarerr.sty"
Package: infwarerr 2010/04/08 v1.3 Providing info/warning/error messages (HO)
)
("C:\Program Files\MiKTeX 2.9\tex\generic\oberdiek\ltxcmds.sty"
Package: ltxcmds 2011/11/09 v1.22 LaTeX kernel commands for general use (HO)
)
\Gread@gobject=\count99
))
\Gin@req@height=\dimen112
\Gin@req@width=\dimen113
)
(Prog2_Report.aux)
LaTeX Font Info:    Checking defaults for OML/cmm/m/it on input line 8.
LaTeX Font Info:    ... okay on input line 8.
LaTeX Font Info:    Checking defaults for T1/cmr/m/n on input line 8.
LaTeX Font Info:    ... okay on input line 8.
LaTeX Font Info:    Checking defaults for OT1/cmr/m/n on input line 8.
LaTeX Font Info:    ... okay on input line 8.
LaTeX Font Info:    Checking defaults for OMS/cmsy/m/n on input line 8.
LaTeX Font Info:    ... okay on input line 8.
LaTeX Font Info:    Checking defaults for OMX/cmex/m/n on input line 8.
LaTeX Font Info:    ... okay on input line 8.
LaTeX Font Info:    Checking defaults for U/cmr/m/n on input line 8.
LaTeX Font Info:    ... okay on input line 8.

(C:\Users\Aaron\AppData\Roaming\MiKTeX\2.9\tex\context\base\supp-pdf.mkii
[Loading MPS to PDF converter (version 2006.09.02).]
\scratchcounter=\count100
\scratchdimen=\dimen114
\scratchbox=\box28
\nofMPsegments=\count101
\nofMParguments=\count102
\everyMPshowfont=\toks22
\MPscratchCnt=\count103
\MPscratchDim=\dimen115
\MPnumerator=\count104
\makeMPintoPDFobject=\count105
\everyMPtoPDFconversion=\toks23
)
Underfull \hbox (badness 10000) in paragraph at lines 28--29

 []


Underfull \hbox (badness 10000) in paragraph at lines 31--32

 []

[1

{C:/Users/Aaron/AppData/Local/MiKTeX/2.9/pdftex/config/pdftex.map}]
Underfull \hbox (badness 10000) in paragraph at lines 34--35

 []


Underfull \hbox (badness 10000) in paragraph at lines 37--43

 []


Underfull \hbox (badness 10000) in paragraph at lines 48--49

 []


Underfull \hbox (badness 10000) in paragraph at lines 50--51

 []


Underfull \hbox (badness 10000) in paragraph at lines 52--53

 []

[2]
Underfull \hbox (badness 10000) in paragraph at lines 55--58

 []


Overfull \hbox (9.3248pt too wide) in paragraph at lines 63--70
\OT1/cmr/m/n/10 pro-vided make-file's com-mands. Com-pi-la-tion was done on the
 ``linux.cse.tamu.edu''
 []


Underfull \hbox (badness 10000) in paragraph at lines 63--70

 []


Underfull \hbox (badness 10000) in paragraph at lines 72--79

 []


Underfull \hbox (badness 10000) in paragraph at lines 81--88

 []

[3]
Underfull \hbox (badness 10000) in paragraph at lines 95--96

 []

<report/Linear_Time_Per_(Binary).jpg, id=21, 548.0475pt x 398.08725pt>
File: report/Linear_Time_Per_(Binary).jpg Graphic file (type jpg)

<use report/Linear_Time_Per_(Binary).jpg>
Package pdftex.def Info: report/Linear_Time_Per_(Binary).jpg used on input line
 99.
(pdftex.def)             Requested size: 312.9803pt x 227.34335pt.

<report/Linear_Time_Per_(AVL).jpg, id=22, 548.0475pt x 398.08725pt>
File: report/Linear_Time_Per_(AVL).jpg Graphic file (type jpg)

<use report/Linear_Time_Per_(AVL).jpg>
Package pdftex.def Info: report/Linear_Time_Per_(AVL).jpg used on input line 10
6.
(pdftex.def)             Requested size: 312.9803pt x 227.34335pt.


LaTeX Warning: `h' float specifier changed to `ht'.

<report/Linear_Big_O_(Binary).jpg, id=23, 548.0475pt x 398.08725pt>
File: report/Linear_Big_O_(Binary).jpg Graphic file (type jpg)

<use report/Linear_Big_O_(Binary).jpg>
Package pdftex.def Info: report/Linear_Big_O_(Binary).jpg used on input line 11
3.
(pdftex.def)             Requested size: 312.9803pt x 227.34335pt.


LaTeX Warning: `h' float specifier changed to `ht'.

<report/Linear_Big_O_(AVL).jpg, id=24, 548.0475pt x 398.08725pt>
File: report/Linear_Big_O_(AVL).jpg Graphic file (type jpg)

<use report/Linear_Big_O_(AVL).jpg>
Package pdftex.def Info: report/Linear_Big_O_(AVL).jpg used on input line 120.
(pdftex.def)             Requested size: 312.9803pt x 227.34335pt.


LaTeX Warning: `h' float specifier changed to `ht'.


Underfull \hbox (badness 10000) in paragraph at lines 125--126

 []

[4 <./report/Linear_Time_Per_(Binary).jpg>]
<report/Logarithmic_Time_Per_(Binary).jpg, id=28, 548.0475pt x 398.08725pt>
File: report/Logarithmic_Time_Per_(Binary).jpg Graphic file (type jpg)

<use report/Logarithmic_Time_Per_(Binary).jpg>
Package pdftex.def Info: report/Logarithmic_Time_Per_(Binary).jpg used on input
 line 129.
(pdftex.def)             Requested size: 312.9803pt x 227.34335pt.


LaTeX Warning: `h' float specifier changed to `ht'.

<report/Logarithmic_Time_Per_(AVL).jpg, id=29, 548.0475pt x 398.08725pt>
File: report/Logarithmic_Time_Per_(AVL).jpg Graphic file (type jpg)

<use report/Logarithmic_Time_Per_(AVL).jpg>
Package pdftex.def Info: report/Logarithmic_Time_Per_(AVL).jpg used on input li
ne 137.
(pdftex.def)             Requested size: 312.9803pt x 227.34335pt.


LaTeX Warning: `h' float specifier changed to `ht'.

<report/Logarithmic_Big_O_(Binary).jpg, id=30, 548.0475pt x 398.08725pt>
File: report/Logarithmic_Big_O_(Binary).jpg Graphic file (type jpg)

<use report/Logarithmic_Big_O_(Binary).jpg>
Package pdftex.def Info: report/Logarithmic_Big_O_(Binary).jpg used on input li
ne 144.
(pdftex.def)             Requested size: 312.9803pt x 227.34335pt.


LaTeX Warning: `h' float specifier changed to `ht'.

<report/Logarithmic_Big_O_(AVL).jpg, id=31, 548.0475pt x 398.08725pt>
File: report/Logarithmic_Big_O_(AVL).jpg Graphic file (type jpg)

<use report/Logarithmic_Big_O_(AVL).jpg>
Package pdftex.def Info: report/Logarithmic_Big_O_(AVL).jpg used on input line 
151.
(pdftex.def)             Requested size: 312.9803pt x 227.34335pt.


LaTeX Warning: `h' float specifier changed to `ht'.


Underfull \hbox (badness 10000) in paragraph at lines 157--158

 []

[5 <./report/Linear_Time_Per_(AVL).jpg>]
<report/Random_Time_Per_(Binary).jpg, id=35, 548.0475pt x 398.08725pt>
File: report/Random_Time_Per_(Binary).jpg Graphic file (type jpg)

<use report/Random_Time_Per_(Binary).jpg>
Package pdftex.def Info: report/Random_Time_Per_(Binary).jpg used on input line
 161.
(pdftex.def)             Requested size: 312.9803pt x 227.34335pt.


LaTeX Warning: `h' float specifier changed to `ht'.

<report/Random_Time_Per_(AVL).jpg, id=36, 548.0475pt x 398.08725pt>
File: report/Random_Time_Per_(AVL).jpg Graphic file (type jpg)

<use report/Random_Time_Per_(AVL).jpg>
Package pdftex.def Info: report/Random_Time_Per_(AVL).jpg used on input line 16
8.
(pdftex.def)             Requested size: 312.9803pt x 227.34335pt.


LaTeX Warning: `h' float specifier changed to `ht'.

<report/Random_Big_O_(Binary).jpg, id=37, 548.0475pt x 398.08725pt>
File: report/Random_Big_O_(Binary).jpg Graphic file (type jpg)

<use report/Random_Big_O_(Binary).jpg>
Package pdftex.def Info: report/Random_Big_O_(Binary).jpg used on input line 17
5.
(pdftex.def)             Requested size: 312.9803pt x 227.34335pt.


LaTeX Warning: `h' float specifier changed to `ht'.

<report/Random_Big_O_(AVL).jpg, id=38, 548.0475pt x 398.08725pt>
File: report/Random_Big_O_(AVL).jpg Graphic file (type jpg)

<use report/Random_Big_O_(AVL).jpg>
Package pdftex.def Info: report/Random_Big_O_(AVL).jpg used on input line 182.
(pdftex.def)             Requested size: 312.9803pt x 227.34335pt.


LaTeX Warning: `h' float specifier changed to `ht'.


Underfull \hbox (badness 10000) in paragraph at lines 187--188

 []

[6 <./report/Linear_Big_O_(Binary).jpg>] [7 <./report/Linear_Big_O_(AVL).jpg>]
[8 <./report/Logarithmic_Time_Per_(Binary).jpg>] [9 <./report/Logarithmic_Time_
Per_(AVL).jpg>] [10 <./report/Logarithmic_Big_O_(Binary).jpg> <./report/Logarit
hmic_Big_O_(AVL).jpg>] [11 <./report/Random_Time_Per_(Binary).jpg> <./report/Ra
ndom_Time_Per_(AVL).jpg>] [12 <./report/Random_Big_O_(Binary).jpg> <./report/Ra
ndom_Big_O_(AVL).jpg>] (Prog2_Report.aux) ) 
Here is how much of TeX's memory you used:
 1839 strings out of 493673
 24645 string characters out of 3143960
 88845 words of memory out of 3000000
 5191 multiletter control sequences out of 15000+200000
 8715 words of font info for 32 fonts, out of 3000000 for 9000
 1025 hyphenation exceptions out of 8191
 27i,6n,20p,2240b,221s stack positions out of 5000i,500n,10000p,200000b,50000s
<C:/Program Files/MiKTeX 2.9/fonts/t
ype1/public/amsfonts/cm/cmbx12.pfb><C:/Program Files/MiKTeX 2.9/fonts/type1/pub
lic/amsfonts/cm/cmmi10.pfb><C:/Program Files/MiKTeX 2.9/fonts/type1/public/amsf
onts/cm/cmmi5.pfb><C:/Program Files/MiKTeX 2.9/fonts/type1/public/amsfonts/cm/c
mmi7.pfb><C:/Program Files/MiKTeX 2.9/fonts/type1/public/amsfonts/cm/cmr10.pfb>
<C:/Program Files/MiKTeX 2.9/fonts/type1/public/amsfonts/cm/cmr12.pfb><C:/Progr
am Files/MiKTeX 2.9/fonts/type1/public/amsfonts/cm/cmr5.pfb><C:/Program Files/M
iKTeX 2.9/fonts/type1/public/amsfonts/cm/cmr7.pfb><C:/Program Files/MiKTeX 2.9/
fonts/type1/public/amsfonts/cm/cmsy10.pfb><C:/Program Files/MiKTeX 2.9/fonts/ty
pe1/public/amsfonts/cm/cmsy7.pfb>
Output written on Prog2_Report.pdf (12 pages, 895510 bytes).
PDF statistics:
 93 PDF objects out of 1000 (max. 8388607)
 0 named destinations out of 1000 (max. 500000)
 61 words of extra memory for PDF output out of 10000 (max. 10000000)

